<?xml version="1.0" encoding="UTF-8"?>
<testng-results ignored="0" total="1" passed="1" failed="0" skipped="0">
  <reporter-output>
  </reporter-output>
  <suite started-at="2022-11-16T13:54:20 EST" name="Default suite" finished-at="2022-11-16T13:54:58 EST" duration-ms="37968">
    <groups>
    </groups>
    <test started-at="2022-11-16T13:54:20 EST" name="Default test" finished-at="2022-11-16T13:54:58 EST" duration-ms="37968">
      <class name="acrooms.appium.MiscellanousAppiumActions">
        <test-method is-config="true" signature="ConfigureAppium()[pri:0, instance:acrooms.appium.MiscellanousAppiumActions@4738a206]" started-at="2022-11-16T13:54:20 EST" name="ConfigureAppium" finished-at="2022-11-16T13:54:38 EST" duration-ms="18690" status="PASS">
          <reporter-output>
          </reporter-output>
        </test-method> <!-- ConfigureAppium -->
        <test-method signature="MiscellanousTesting()[pri:0, instance:acrooms.appium.MiscellanousAppiumActions@4738a206]" started-at="2022-11-16T13:54:38 EST" name="MiscellanousTesting" finished-at="2022-11-16T13:54:57 EST" duration-ms="18468" status="PASS">
          <reporter-output>
          </reporter-output>
        </test-method> <!-- MiscellanousTesting -->
        <test-method is-config="true" signature="tearDown()[pri:0, instance:acrooms.appium.MiscellanousAppiumActions@4738a206]" started-at="2022-11-16T13:54:57 EST" name="tearDown" finished-at="2022-11-16T13:54:58 EST" duration-ms="711" status="PASS">
          <reporter-output>
          </reporter-output>
        </test-method> <!-- tearDown -->
      </class> <!-- acrooms.appium.MiscellanousAppiumActions -->
    </test> <!-- Default test -->
  </suite> <!-- Default suite -->
</testng-results>
